<?xml version="1.0" encoding="UTF-8"?>
<testsuite name="com.goudjanou.calculator.CalculatorApplicationTests" tests="1" skipped="0" failures="0" errors="0" timestamp="2023-07-07T19:11:34" hostname="goudjanou-Inspiron-7737" time="0.637">
  <properties/>
  <testcase name="contextLoads()" classname="com.goudjanou.calculator.CalculatorApplicationTests" time="0.637"/>
  <system-out><![CDATA[15:11:31.362 [Test worker] DEBUG org.springframework.test.context.BootstrapUtils - Instantiating CacheAwareContextLoaderDelegate from class [org.springframework.test.context.cache.DefaultCacheAwareContextLoaderDelegate]
15:11:31.378 [Test worker] DEBUG org.springframework.test.context.BootstrapUtils - Instantiating BootstrapContext using constructor [public org.springframework.test.context.support.DefaultBootstrapContext(java.lang.Class,org.springframework.test.context.CacheAwareContextLoaderDelegate)]
15:11:31.425 [Test worker] DEBUG org.springframework.test.context.BootstrapUtils - Instantiating TestContextBootstrapper for test class [com.goudjanou.calculator.CalculatorApplicationTests] from class [org.springframework.boot.test.context.SpringBootTestContextBootstrapper]
15:11:31.439 [Test worker] INFO org.springframework.boot.test.context.SpringBootTestContextBootstrapper - Neither @ContextConfiguration nor @ContextHierarchy found for test class [com.goudjanou.calculator.CalculatorApplicationTests], using SpringBootContextLoader
15:11:31.444 [Test worker] DEBUG org.springframework.test.context.support.AbstractContextLoader - Did not detect default resource location for test class [com.goudjanou.calculator.CalculatorApplicationTests]: class path resource [com/goudjanou/calculator/CalculatorApplicationTests-context.xml] does not exist
15:11:31.445 [Test worker] DEBUG org.springframework.test.context.support.AbstractContextLoader - Did not detect default resource location for test class [com.goudjanou.calculator.CalculatorApplicationTests]: class path resource [com/goudjanou/calculator/CalculatorApplicationTestsContext.groovy] does not exist
15:11:31.446 [Test worker] INFO org.springframework.test.context.support.AbstractContextLoader - Could not detect default resource locations for test class [com.goudjanou.calculator.CalculatorApplicationTests]: no resource found for suffixes {-context.xml, Context.groovy}.
15:11:31.447 [Test worker] INFO org.springframework.test.context.support.AnnotationConfigContextLoaderUtils - Could not detect default configuration classes for test class [com.goudjanou.calculator.CalculatorApplicationTests]: CalculatorApplicationTests does not declare any static, non-private, non-final, nested classes annotated with @Configuration.
15:11:31.509 [Test worker] DEBUG org.springframework.test.context.support.ActiveProfilesUtils - Could not find an 'annotation declaring class' for annotation type [org.springframework.test.context.ActiveProfiles] and class [com.goudjanou.calculator.CalculatorApplicationTests]
15:11:31.593 [Test worker] DEBUG org.springframework.context.annotation.ClassPathScanningCandidateComponentProvider - Identified candidate component class: file [/home/goudjanou/Downloads/calculator/build/classes/java/main/com/goudjanou/calculator/CalculatorApplication.class]
15:11:31.605 [Test worker] INFO org.springframework.boot.test.context.SpringBootTestContextBootstrapper - Found @SpringBootConfiguration com.goudjanou.calculator.CalculatorApplication for test class com.goudjanou.calculator.CalculatorApplicationTests
15:11:31.703 [Test worker] DEBUG org.springframework.boot.test.context.SpringBootTestContextBootstrapper - @TestExecutionListeners is not present for class [com.goudjanou.calculator.CalculatorApplicationTests]: using defaults.
15:11:31.703 [Test worker] INFO org.springframework.boot.test.context.SpringBootTestContextBootstrapper - Loaded default TestExecutionListener class names from location [META-INF/spring.factories]: [org.springframework.boot.test.autoconfigure.restdocs.RestDocsTestExecutionListener, org.springframework.boot.test.autoconfigure.web.client.MockRestServiceServerResetTestExecutionListener, org.springframework.boot.test.autoconfigure.web.servlet.MockMvcPrintOnlyOnFailureTestExecutionListener, org.springframework.boot.test.autoconfigure.web.servlet.WebDriverTestExecutionListener, org.springframework.boot.test.autoconfigure.webservices.client.MockWebServiceServerTestExecutionListener, org.springframework.boot.test.mock.mockito.MockitoTestExecutionListener, org.springframework.boot.test.mock.mockito.ResetMocksTestExecutionListener, org.springframework.test.context.web.ServletTestExecutionListener, org.springframework.test.context.support.DirtiesContextBeforeModesTestExecutionListener, org.springframework.test.context.event.ApplicationEventsTestExecutionListener, org.springframework.test.context.support.DependencyInjectionTestExecutionListener, org.springframework.test.context.support.DirtiesContextTestExecutionListener, org.springframework.test.context.transaction.TransactionalTestExecutionListener, org.springframework.test.context.jdbc.SqlScriptsTestExecutionListener, org.springframework.test.context.event.EventPublishingTestExecutionListener]
15:11:31.717 [Test worker] DEBUG org.springframework.boot.test.context.SpringBootTestContextBootstrapper - Skipping candidate TestExecutionListener [org.springframework.test.context.transaction.TransactionalTestExecutionListener] due to a missing dependency. Specify custom listener classes or make the default listener classes and their required dependencies available. Offending class: [org/springframework/transaction/interceptor/TransactionAttributeSource]
15:11:31.718 [Test worker] DEBUG org.springframework.boot.test.context.SpringBootTestContextBootstrapper - Skipping candidate TestExecutionListener [org.springframework.test.context.jdbc.SqlScriptsTestExecutionListener] due to a missing dependency. Specify custom listener classes or make the default listener classes and their required dependencies available. Offending class: [org/springframework/transaction/interceptor/TransactionAttribute]
15:11:31.719 [Test worker] INFO org.springframework.boot.test.context.SpringBootTestContextBootstrapper - Using TestExecutionListeners: [org.springframework.test.context.web.ServletTestExecutionListener@4baf352a, org.springframework.test.context.support.DirtiesContextBeforeModesTestExecutionListener@1bb1fde8, org.springframework.test.context.event.ApplicationEventsTestExecutionListener@15eebbff, org.springframework.boot.test.mock.mockito.MockitoTestExecutionListener@22d6f11, org.springframework.boot.test.autoconfigure.SpringBootDependencyInjectionTestExecutionListener@30990c1b, org.springframework.test.context.support.DirtiesContextTestExecutionListener@2453f95d, org.springframework.test.context.event.EventPublishingTestExecutionListener@44828f6b, org.springframework.boot.test.autoconfigure.restdocs.RestDocsTestExecutionListener@2dbe250d, org.springframework.boot.test.autoconfigure.web.client.MockRestServiceServerResetTestExecutionListener@553f1d75, org.springframework.boot.test.autoconfigure.web.servlet.MockMvcPrintOnlyOnFailureTestExecutionListener@6e1d8f9e, org.springframework.boot.test.autoconfigure.web.servlet.WebDriverTestExecutionListener@3e34ace1, org.springframework.boot.test.autoconfigure.webservices.client.MockWebServiceServerTestExecutionListener@62fe6067, org.springframework.boot.test.mock.mockito.ResetMocksTestExecutionListener@4f071df8]
15:11:31.723 [Test worker] DEBUG org.springframework.test.context.support.AbstractDirtiesContextTestExecutionListener - Before test class: context [DefaultTestContext@73ff4fae testClass = CalculatorApplicationTests, testInstance = [null], testMethod = [null], testException = [null], mergedContextConfiguration = [WebMergedContextConfiguration@21aa6d6c testClass = CalculatorApplicationTests, locations = '{}', classes = '{class com.goudjanou.calculator.CalculatorApplication}', contextInitializerClasses = '[]', activeProfiles = '{}', propertySourceLocations = '{}', propertySourceProperties = '{org.springframework.boot.test.context.SpringBootTestContextBootstrapper=true}', contextCustomizers = set[org.springframework.boot.test.autoconfigure.actuate.metrics.MetricsExportContextCustomizerFactory$DisableMetricExportContextCustomizer@1046d517, org.springframework.boot.test.autoconfigure.properties.PropertyMappingContextCustomizer@0, org.springframework.boot.test.autoconfigure.web.servlet.WebDriverContextCustomizerFactory$Customizer@a3d9978, org.springframework.boot.test.context.filter.ExcludeFilterContextCustomizer@1e461e41, org.springframework.boot.test.json.DuplicateJsonObjectContextCustomizerFactory$DuplicateJsonObjectContextCustomizer@9ebe38b, org.springframework.boot.test.mock.mockito.MockitoContextCustomizer@0, org.springframework.boot.test.web.client.TestRestTemplateContextCustomizer@38234a38, org.springframework.boot.test.context.SpringBootTestArgs@1, org.springframework.boot.test.context.SpringBootTestWebEnvironment@36b4fe2a], resourceBasePath = 'src/main/webapp', contextLoader = 'org.springframework.boot.test.context.SpringBootContextLoader', parent = [null]], attributes = map['org.springframework.test.context.web.ServletTestExecutionListener.activateListener' -> true]], class annotated with @DirtiesContext [false] with mode [null].

  .   ____          _            __ _ _
 /\\ / ___'_ __ _ _(_)_ __  __ _ \ \ \ \
( ( )\___ | '_ | '_| | '_ \/ _` | \ \ \ \
 \\/  ___)| |_)| | | | | || (_| |  ) ) ) )
  '  |____| .__|_| |_|_| |_\__, | / / / /
 =========|_|==============|___/=/_/_/_/
 :: Spring Boot ::               (v2.7.13)

2023-07-07 15:11:32.142  INFO 14602 --- [    Test worker] c.g.c.CalculatorApplicationTests         : Starting CalculatorApplicationTests using Java 11.0.19 on goudjanou-Inspiron-7737 with PID 14602 (started by goudjanou in /home/goudjanou/Downloads/calculator)
2023-07-07 15:11:32.144  INFO 14602 --- [    Test worker] c.g.c.CalculatorApplicationTests         : No active profile set, falling back to 1 default profile: "default"
2023-07-07 15:11:33.185  WARN 14602 --- [    Test worker] c.c.k.a.r.ControllerScannerRegistrar     : 在以下包名下没有找到标记为AdvancedController的接口: '[com.goudjanou.calculator]'.
2023-07-07 15:11:34.723  INFO 14602 --- [    Test worker] $ControllerScannerNotFounndConfiguration : Not found configuration for registering mapper bean using @ControllerScan, AdvancedControllerFactoryBean.
2023-07-07 15:11:34.950  INFO 14602 --- [    Test worker] c.g.c.CalculatorApplicationTests         : Started CalculatorApplicationTests in 3.184 seconds (JVM running for 4.563)
]]></system-out>
  <system-err><![CDATA[]]></system-err>
</testsuite>
