<?xml version="1.0" encoding="UTF-8"?>
<testsuite name="com.goudjanou.calculator.CalculatorApplicationTests" tests="1" skipped="0" failures="0" errors="0" timestamp="2023-07-07T19:43:32" hostname="goudjanou-Inspiron-7737" time="0.604">
  <properties/>
  <testcase name="contextLoads()" classname="com.goudjanou.calculator.CalculatorApplicationTests" time="0.604"/>
  <system-out><![CDATA[15:43:27.429 [Test worker] DEBUG org.springframework.test.context.BootstrapUtils - Instantiating CacheAwareContextLoaderDelegate from class [org.springframework.test.context.cache.DefaultCacheAwareContextLoaderDelegate]
15:43:27.481 [Test worker] DEBUG org.springframework.test.context.BootstrapUtils - Instantiating BootstrapContext using constructor [public org.springframework.test.context.support.DefaultBootstrapContext(java.lang.Class,org.springframework.test.context.CacheAwareContextLoaderDelegate)]
15:43:27.620 [Test worker] DEBUG org.springframework.test.context.BootstrapUtils - Instantiating TestContextBootstrapper for test class [com.goudjanou.calculator.CalculatorApplicationTests] from class [org.springframework.boot.test.context.SpringBootTestContextBootstrapper]
15:43:27.652 [Test worker] INFO org.springframework.boot.test.context.SpringBootTestContextBootstrapper - Neither @ContextConfiguration nor @ContextHierarchy found for test class [com.goudjanou.calculator.CalculatorApplicationTests], using SpringBootContextLoader
15:43:27.668 [Test worker] DEBUG org.springframework.test.context.support.AbstractContextLoader - Did not detect default resource location for test class [com.goudjanou.calculator.CalculatorApplicationTests]: class path resource [com/goudjanou/calculator/CalculatorApplicationTests-context.xml] does not exist
15:43:27.671 [Test worker] DEBUG org.springframework.test.context.support.AbstractContextLoader - Did not detect default resource location for test class [com.goudjanou.calculator.CalculatorApplicationTests]: class path resource [com/goudjanou/calculator/CalculatorApplicationTestsContext.groovy] does not exist
15:43:27.672 [Test worker] INFO org.springframework.test.context.support.AbstractContextLoader - Could not detect default resource locations for test class [com.goudjanou.calculator.CalculatorApplicationTests]: no resource found for suffixes {-context.xml, Context.groovy}.
15:43:27.675 [Test worker] INFO org.springframework.test.context.support.AnnotationConfigContextLoaderUtils - Could not detect default configuration classes for test class [com.goudjanou.calculator.CalculatorApplicationTests]: CalculatorApplicationTests does not declare any static, non-private, non-final, nested classes annotated with @Configuration.
15:43:27.770 [Test worker] DEBUG org.springframework.test.context.support.ActiveProfilesUtils - Could not find an 'annotation declaring class' for annotation type [org.springframework.test.context.ActiveProfiles] and class [com.goudjanou.calculator.CalculatorApplicationTests]
15:43:27.932 [Test worker] DEBUG org.springframework.context.annotation.ClassPathScanningCandidateComponentProvider - Identified candidate component class: file [/home/goudjanou/Downloads/calculator/build/classes/java/main/com/goudjanou/calculator/CalculatorApplication.class]
15:43:27.946 [Test worker] INFO org.springframework.boot.test.context.SpringBootTestContextBootstrapper - Found @SpringBootConfiguration com.goudjanou.calculator.CalculatorApplication for test class com.goudjanou.calculator.CalculatorApplicationTests
15:43:28.169 [Test worker] DEBUG org.springframework.boot.test.context.SpringBootTestContextBootstrapper - @TestExecutionListeners is not present for class [com.goudjanou.calculator.CalculatorApplicationTests]: using defaults.
15:43:28.170 [Test worker] INFO org.springframework.boot.test.context.SpringBootTestContextBootstrapper - Loaded default TestExecutionListener class names from location [META-INF/spring.factories]: [org.springframework.boot.test.autoconfigure.restdocs.RestDocsTestExecutionListener, org.springframework.boot.test.autoconfigure.web.client.MockRestServiceServerResetTestExecutionListener, org.springframework.boot.test.autoconfigure.web.servlet.MockMvcPrintOnlyOnFailureTestExecutionListener, org.springframework.boot.test.autoconfigure.web.servlet.WebDriverTestExecutionListener, org.springframework.boot.test.autoconfigure.webservices.client.MockWebServiceServerTestExecutionListener, org.springframework.boot.test.mock.mockito.MockitoTestExecutionListener, org.springframework.boot.test.mock.mockito.ResetMocksTestExecutionListener, org.springframework.test.context.web.ServletTestExecutionListener, org.springframework.test.context.support.DirtiesContextBeforeModesTestExecutionListener, org.springframework.test.context.event.ApplicationEventsTestExecutionListener, org.springframework.test.context.support.DependencyInjectionTestExecutionListener, org.springframework.test.context.support.DirtiesContextTestExecutionListener, org.springframework.test.context.transaction.TransactionalTestExecutionListener, org.springframework.test.context.jdbc.SqlScriptsTestExecutionListener, org.springframework.test.context.event.EventPublishingTestExecutionListener]
15:43:28.193 [Test worker] DEBUG org.springframework.boot.test.context.SpringBootTestContextBootstrapper - Skipping candidate TestExecutionListener [org.springframework.test.context.transaction.TransactionalTestExecutionListener] due to a missing dependency. Specify custom listener classes or make the default listener classes and their required dependencies available. Offending class: [org/springframework/transaction/interceptor/TransactionAttributeSource]
15:43:28.194 [Test worker] DEBUG org.springframework.boot.test.context.SpringBootTestContextBootstrapper - Skipping candidate TestExecutionListener [org.springframework.test.context.jdbc.SqlScriptsTestExecutionListener] due to a missing dependency. Specify custom listener classes or make the default listener classes and their required dependencies available. Offending class: [org/springframework/transaction/interceptor/TransactionAttribute]
15:43:28.196 [Test worker] INFO org.springframework.boot.test.context.SpringBootTestContextBootstrapper - Using TestExecutionListeners: [org.springframework.test.context.web.ServletTestExecutionListener@6c2f8ecb, org.springframework.test.context.support.DirtiesContextBeforeModesTestExecutionListener@c3d4bd7, org.springframework.test.context.event.ApplicationEventsTestExecutionListener@2626aa35, org.springframework.boot.test.mock.mockito.MockitoTestExecutionListener@5ca8c904, org.springframework.boot.test.autoconfigure.SpringBootDependencyInjectionTestExecutionListener@4c614d8c, org.springframework.test.context.support.DirtiesContextTestExecutionListener@2ae4c424, org.springframework.test.context.event.EventPublishingTestExecutionListener@3980b44f, org.springframework.boot.test.autoconfigure.restdocs.RestDocsTestExecutionListener@237aba92, org.springframework.boot.test.autoconfigure.web.client.MockRestServiceServerResetTestExecutionListener@65b19e5c, org.springframework.boot.test.autoconfigure.web.servlet.MockMvcPrintOnlyOnFailureTestExecutionListener@6978a32a, org.springframework.boot.test.autoconfigure.web.servlet.WebDriverTestExecutionListener@55665086, org.springframework.boot.test.autoconfigure.webservices.client.MockWebServiceServerTestExecutionListener@233ece92, org.springframework.boot.test.mock.mockito.ResetMocksTestExecutionListener@4a14f7d7]
15:43:28.203 [Test worker] DEBUG org.springframework.test.context.support.AbstractDirtiesContextTestExecutionListener - Before test class: context [DefaultTestContext@7dfec0bc testClass = CalculatorApplicationTests, testInstance = [null], testMethod = [null], testException = [null], mergedContextConfiguration = [WebMergedContextConfiguration@12eaa2cd testClass = CalculatorApplicationTests, locations = '{}', classes = '{class com.goudjanou.calculator.CalculatorApplication}', contextInitializerClasses = '[]', activeProfiles = '{}', propertySourceLocations = '{}', propertySourceProperties = '{org.springframework.boot.test.context.SpringBootTestContextBootstrapper=true}', contextCustomizers = set[org.springframework.boot.test.autoconfigure.actuate.metrics.MetricsExportContextCustomizerFactory$DisableMetricExportContextCustomizer@b8a144e, org.springframework.boot.test.autoconfigure.properties.PropertyMappingContextCustomizer@0, org.springframework.boot.test.autoconfigure.web.servlet.WebDriverContextCustomizerFactory$Customizer@2bcda694, org.springframework.boot.test.context.filter.ExcludeFilterContextCustomizer@221ca495, org.springframework.boot.test.json.DuplicateJsonObjectContextCustomizerFactory$DuplicateJsonObjectContextCustomizer@3962ec84, org.springframework.boot.test.mock.mockito.MockitoContextCustomizer@0, org.springframework.boot.test.web.client.TestRestTemplateContextCustomizer@539316bb, org.springframework.boot.test.context.SpringBootTestArgs@1, org.springframework.boot.test.context.SpringBootTestWebEnvironment@3bec2275], resourceBasePath = 'src/main/webapp', contextLoader = 'org.springframework.boot.test.context.SpringBootContextLoader', parent = [null]], attributes = map['org.springframework.test.context.web.ServletTestExecutionListener.activateListener' -> true]], class annotated with @DirtiesContext [false] with mode [null].

  .   ____          _            __ _ _
 /\\ / ___'_ __ _ _(_)_ __  __ _ \ \ \ \
( ( )\___ | '_ | '_| | '_ \/ _` | \ \ \ \
 \\/  ___)| |_)| | | | | || (_| |  ) ) ) )
  '  |____| .__|_| |_|_| |_\__, | / / / /
 =========|_|==============|___/=/_/_/_/
 :: Spring Boot ::               (v2.7.13)

2023-07-07 15:43:28.966  INFO 17469 --- [    Test worker] c.g.c.CalculatorApplicationTests         : Starting CalculatorApplicationTests using Java 11.0.19 on goudjanou-Inspiron-7737 with PID 17469 (started by goudjanou in /home/goudjanou/Downloads/calculator)
2023-07-07 15:43:28.970  INFO 17469 --- [    Test worker] c.g.c.CalculatorApplicationTests         : No active profile set, falling back to 1 default profile: "default"
2023-07-07 15:43:30.813  WARN 17469 --- [    Test worker] c.c.k.a.r.ControllerScannerRegistrar     : 在以下包名下没有找到标记为AdvancedController的接口: '[com.goudjanou.calculator]'.
2023-07-07 15:43:32.221  INFO 17469 --- [    Test worker] $ControllerScannerNotFounndConfiguration : Not found configuration for registering mapper bean using @ControllerScan, AdvancedControllerFactoryBean.
2023-07-07 15:43:32.418  INFO 17469 --- [    Test worker] c.g.c.CalculatorApplicationTests         : Started CalculatorApplicationTests in 4.143 seconds (JVM running for 6.936)
]]></system-out>
  <system-err><![CDATA[]]></system-err>
</testsuite>
