<?xml version="1.0" encoding="UTF-8"?>
<testsuite name="com.goudjanou.calculator.CalculatorApplicationTests" tests="1" skipped="0" failures="0" errors="0" timestamp="2023-09-29T15:21:44" hostname="kubernetes-master" time="1.221">
  <properties/>
  <testcase name="contextLoads()" classname="com.goudjanou.calculator.CalculatorApplicationTests" time="1.221"/>
  <system-out><![CDATA[11:21:38.701 [Test worker] DEBUG org.springframework.test.context.BootstrapUtils - Instantiating CacheAwareContextLoaderDelegate from class [org.springframework.test.context.cache.DefaultCacheAwareContextLoaderDelegate]
11:21:38.758 [Test worker] DEBUG org.springframework.test.context.BootstrapUtils - Instantiating BootstrapContext using constructor [public org.springframework.test.context.support.DefaultBootstrapContext(java.lang.Class,org.springframework.test.context.CacheAwareContextLoaderDelegate)]
11:21:38.889 [Test worker] DEBUG org.springframework.test.context.BootstrapUtils - Instantiating TestContextBootstrapper for test class [com.goudjanou.calculator.CalculatorApplicationTests] from class [org.springframework.boot.test.context.SpringBootTestContextBootstrapper]
11:21:38.933 [Test worker] INFO org.springframework.boot.test.context.SpringBootTestContextBootstrapper - Neither @ContextConfiguration nor @ContextHierarchy found for test class [com.goudjanou.calculator.CalculatorApplicationTests], using SpringBootContextLoader
11:21:38.944 [Test worker] DEBUG org.springframework.test.context.support.AbstractContextLoader - Did not detect default resource location for test class [com.goudjanou.calculator.CalculatorApplicationTests]: class path resource [com/goudjanou/calculator/CalculatorApplicationTests-context.xml] does not exist
11:21:38.945 [Test worker] DEBUG org.springframework.test.context.support.AbstractContextLoader - Did not detect default resource location for test class [com.goudjanou.calculator.CalculatorApplicationTests]: class path resource [com/goudjanou/calculator/CalculatorApplicationTestsContext.groovy] does not exist
11:21:38.945 [Test worker] INFO org.springframework.test.context.support.AbstractContextLoader - Could not detect default resource locations for test class [com.goudjanou.calculator.CalculatorApplicationTests]: no resource found for suffixes {-context.xml, Context.groovy}.
11:21:38.947 [Test worker] INFO org.springframework.test.context.support.AnnotationConfigContextLoaderUtils - Could not detect default configuration classes for test class [com.goudjanou.calculator.CalculatorApplicationTests]: CalculatorApplicationTests does not declare any static, non-private, non-final, nested classes annotated with @Configuration.
11:21:39.095 [Test worker] DEBUG org.springframework.test.context.support.ActiveProfilesUtils - Could not find an 'annotation declaring class' for annotation type [org.springframework.test.context.ActiveProfiles] and class [com.goudjanou.calculator.CalculatorApplicationTests]
11:21:39.278 [Test worker] DEBUG org.springframework.context.annotation.ClassPathScanningCandidateComponentProvider - Identified candidate component class: file [/home/goudjanou/Downloads/calculator/build/classes/java/main/com/goudjanou/calculator/CalculatorApplication.class]
11:21:39.292 [Test worker] INFO org.springframework.boot.test.context.SpringBootTestContextBootstrapper - Found @SpringBootConfiguration com.goudjanou.calculator.CalculatorApplication for test class com.goudjanou.calculator.CalculatorApplicationTests
11:21:39.774 [Test worker] DEBUG org.springframework.boot.test.context.SpringBootTestContextBootstrapper - @TestExecutionListeners is not present for class [com.goudjanou.calculator.CalculatorApplicationTests]: using defaults.
11:21:39.776 [Test worker] INFO org.springframework.boot.test.context.SpringBootTestContextBootstrapper - Loaded default TestExecutionListener class names from location [META-INF/spring.factories]: [org.springframework.boot.test.autoconfigure.restdocs.RestDocsTestExecutionListener, org.springframework.boot.test.autoconfigure.web.client.MockRestServiceServerResetTestExecutionListener, org.springframework.boot.test.autoconfigure.web.servlet.MockMvcPrintOnlyOnFailureTestExecutionListener, org.springframework.boot.test.autoconfigure.web.servlet.WebDriverTestExecutionListener, org.springframework.boot.test.autoconfigure.webservices.client.MockWebServiceServerTestExecutionListener, org.springframework.boot.test.mock.mockito.MockitoTestExecutionListener, org.springframework.boot.test.mock.mockito.ResetMocksTestExecutionListener, org.springframework.test.context.web.ServletTestExecutionListener, org.springframework.test.context.support.DirtiesContextBeforeModesTestExecutionListener, org.springframework.test.context.event.ApplicationEventsTestExecutionListener, org.springframework.test.context.support.DependencyInjectionTestExecutionListener, org.springframework.test.context.support.DirtiesContextTestExecutionListener, org.springframework.test.context.transaction.TransactionalTestExecutionListener, org.springframework.test.context.jdbc.SqlScriptsTestExecutionListener, org.springframework.test.context.event.EventPublishingTestExecutionListener]
11:21:39.859 [Test worker] DEBUG org.springframework.boot.test.context.SpringBootTestContextBootstrapper - Skipping candidate TestExecutionListener [org.springframework.test.context.transaction.TransactionalTestExecutionListener] due to a missing dependency. Specify custom listener classes or make the default listener classes and their required dependencies available. Offending class: [org/springframework/transaction/interceptor/TransactionAttributeSource]
11:21:39.860 [Test worker] DEBUG org.springframework.boot.test.context.SpringBootTestContextBootstrapper - Skipping candidate TestExecutionListener [org.springframework.test.context.jdbc.SqlScriptsTestExecutionListener] due to a missing dependency. Specify custom listener classes or make the default listener classes and their required dependencies available. Offending class: [org/springframework/transaction/interceptor/TransactionAttribute]
11:21:39.861 [Test worker] INFO org.springframework.boot.test.context.SpringBootTestContextBootstrapper - Using TestExecutionListeners: [org.springframework.test.context.web.ServletTestExecutionListener@731fae, org.springframework.test.context.support.DirtiesContextBeforeModesTestExecutionListener@438a2d3, org.springframework.test.context.event.ApplicationEventsTestExecutionListener@6fe9c048, org.springframework.boot.test.mock.mockito.MockitoTestExecutionListener@54d46c8, org.springframework.boot.test.autoconfigure.SpringBootDependencyInjectionTestExecutionListener@1ddba7a0, org.springframework.test.context.support.DirtiesContextTestExecutionListener@5c34b0f2, org.springframework.test.context.event.EventPublishingTestExecutionListener@7dfec0bc, org.springframework.boot.test.autoconfigure.restdocs.RestDocsTestExecutionListener@12eaa2cd, org.springframework.boot.test.autoconfigure.web.client.MockRestServiceServerResetTestExecutionListener@52ccf197, org.springframework.boot.test.autoconfigure.web.servlet.MockMvcPrintOnlyOnFailureTestExecutionListener@2b06681c, org.springframework.boot.test.autoconfigure.web.servlet.WebDriverTestExecutionListener@20f6b6e0, org.springframework.boot.test.autoconfigure.webservices.client.MockWebServiceServerTestExecutionListener@67cd84f9, org.springframework.boot.test.mock.mockito.ResetMocksTestExecutionListener@52b891de]
11:21:39.866 [Test worker] DEBUG org.springframework.test.context.support.AbstractDirtiesContextTestExecutionListener - Before test class: context [DefaultTestContext@74787609 testClass = CalculatorApplicationTests, testInstance = [null], testMethod = [null], testException = [null], mergedContextConfiguration = [WebMergedContextConfiguration@36cdcae0 testClass = CalculatorApplicationTests, locations = '{}', classes = '{class com.goudjanou.calculator.CalculatorApplication}', contextInitializerClasses = '[]', activeProfiles = '{}', propertySourceLocations = '{}', propertySourceProperties = '{org.springframework.boot.test.context.SpringBootTestContextBootstrapper=true}', contextCustomizers = set[org.springframework.boot.test.autoconfigure.actuate.metrics.MetricsExportContextCustomizerFactory$DisableMetricExportContextCustomizer@350ff014, org.springframework.boot.test.autoconfigure.properties.PropertyMappingContextCustomizer@0, org.springframework.boot.test.autoconfigure.web.servlet.WebDriverContextCustomizerFactory$Customizer@3cf55e0c, org.springframework.boot.test.context.filter.ExcludeFilterContextCustomizer@3afca2c, org.springframework.boot.test.json.DuplicateJsonObjectContextCustomizerFactory$DuplicateJsonObjectContextCustomizer@61853c7e, org.springframework.boot.test.mock.mockito.MockitoContextCustomizer@0, org.springframework.boot.test.web.client.TestRestTemplateContextCustomizer@6a96d639, org.springframework.boot.test.context.SpringBootTestArgs@1, org.springframework.boot.test.context.SpringBootTestWebEnvironment@7a8136b3], resourceBasePath = 'src/main/webapp', contextLoader = 'org.springframework.boot.test.context.SpringBootContextLoader', parent = [null]], attributes = map['org.springframework.test.context.web.ServletTestExecutionListener.activateListener' -> true]], class annotated with @DirtiesContext [false] with mode [null].

  .   ____          _            __ _ _
 /\\ / ___'_ __ _ _(_)_ __  __ _ \ \ \ \
( ( )\___ | '_ | '_| | '_ \/ _` | \ \ \ \
 \\/  ___)| |_)| | | | | || (_| |  ) ) ) )
  '  |____| .__|_| |_|_| |_\__, | / / / /
 =========|_|==============|___/=/_/_/_/
 :: Spring Boot ::               (v2.7.13)

2023-09-29 11:21:40.745  INFO 437579 --- [    Test worker] c.g.c.CalculatorApplicationTests         : Starting CalculatorApplicationTests using Java 11.0.20.1 on kubernetes-master with PID 437579 (started by goudjanou in /home/goudjanou/Downloads/calculator)
2023-09-29 11:21:40.748  INFO 437579 --- [    Test worker] c.g.c.CalculatorApplicationTests         : No active profile set, falling back to 1 default profile: "default"
2023-09-29 11:21:42.882  WARN 437579 --- [    Test worker] c.c.k.a.r.ControllerScannerRegistrar     : 在以下包名下没有找到标记为AdvancedController的接口: '[com.goudjanou.calculator]'.
2023-09-29 11:21:44.527  INFO 437579 --- [    Test worker] $ControllerScannerNotFounndConfiguration : Not found configuration for registering mapper bean using @ControllerScan, AdvancedControllerFactoryBean.
2023-09-29 11:21:44.752  INFO 437579 --- [    Test worker] c.g.c.CalculatorApplicationTests         : Started CalculatorApplicationTests in 4.787 seconds (JVM running for 9.762)
]]></system-out>
  <system-err><![CDATA[]]></system-err>
</testsuite>
